<?xml version="1.0" encoding="UTF-8"?>
<!-- Generated by org.testng.reporters.JUnitReportReporter -->
<testsuite hostname="DESKTOP-MGPVI9T" failures="0" tests="2" name="Test.Pojo_CreateStoresTestScenarios" time="6.036" errors="0" timestamp="2023-11-25T18:42:34 IST" skipped="0">
  <testcase classname="Test.Pojo_CreateStoresTestScenarios" name="createPetOrderAndVerifyData2" time="4.779"/>
  <testcase classname="Test.Pojo_CreateStoresTestScenarios" name="createPetOrderAndVerifyData2" time="1.257"/>
</testsuite> <!-- Test.Pojo_CreateStoresTestScenarios -->
