<?xml version="1.0" encoding="UTF-8"?>
<!-- Generated by org.testng.reporters.JUnitReportReporter -->
<testsuite hostname="DESKTOP-MGPVI9T" failures="0" tests="5" name="Test.StoresTest2" time="10.835" errors="0" timestamp="2023-11-25T14:49:52 IST" skipped="0">
  <testcase classname="Test.StoresTest2" name="createPetOrderByDataDriven_Pojo_Poiji" time="1.236"/>
  <testcase classname="Test.StoresTest2" name="createPetOrderByDataDriven" time="1.273"/>
  <testcase classname="Test.StoresTest2" name="createPetOrderByDataDriven" time="1.230"/>
  <testcase classname="Test.StoresTest2" name="createPetOrder6" time="5.756"/>
  <testcase classname="Test.StoresTest2" name="createPetOrderByDataDriven_Pojo_Poiji" time="1.340"/>
</testsuite> <!-- Test.StoresTest2 -->
