<?xml version="1.0" encoding="UTF-8"?>
<!-- Generated by org.testng.reporters.JUnitReportReporter -->
<testsuite hostname="DESKTOP-MGPVI9T" failures="0" tests="1" name="Test.StoresTest" time="4.859" errors="0" timestamp="2023-11-25T14:50:55 IST" skipped="0">
  <testcase classname="Test.StoresTest" name="createPetOrder7" time="4.859"/>
</testsuite> <!-- Test.StoresTest -->
